18:56:39.160 [main] INFO  tests.UserTestCases - ********************creating user***********************
18:56:46.610 [main] INFO  tests.UserTestCases - ***********************user created**************************
18:56:46.633 [main] INFO  tests.UserTestCases - ********************retrieving user***********************
18:56:48.688 [main] INFO  tests.UserTestCases - ********************user retrieved***********************
18:56:48.696 [main] INFO  tests.UserTestCases - ********************updating user***********************
18:56:52.517 [main] INFO  tests.UserTestCases - ********************user updated***********************
18:56:52.529 [main] INFO  tests.UserTestCases - ********************deleting user***********************
18:56:54.432 [main] INFO  tests.UserTestCases - ********************user deleted***********************
19:19:06.156 [main] INFO  tests.UserTestCases - ********************creating user***********************
19:19:08.089 [main] INFO  tests.UserTestCases - ***********************user created**************************
19:19:08.097 [main] INFO  tests.UserTestCases - ********************retrieving user***********************
19:19:09.947 [main] INFO  tests.UserTestCases - ********************user retrieved***********************
19:19:09.951 [main] INFO  tests.UserTestCases - ********************updating user***********************
19:19:13.844 [main] INFO  tests.UserTestCases - ********************user updated***********************
19:19:13.847 [main] INFO  tests.UserTestCases - ********************deleting user***********************
19:19:15.758 [main] INFO  tests.UserTestCases - ********************user deleted***********************
19:19:16.021 [main] INFO  tests.UserTestCases2 - ********************creating user***********************
19:19:18.169 [main] INFO  tests.UserTestCases2 - ***********************user created**************************
19:19:18.175 [main] INFO  tests.UserTestCases2 - ********************retrieving user***********************
19:19:20.244 [main] INFO  tests.UserTestCases2 - ********************user retrieved***********************
19:19:20.250 [main] INFO  tests.UserTestCases2 - ********************updating user***********************
19:19:24.256 [main] INFO  tests.UserTestCases2 - ********************user updated***********************
19:19:24.259 [main] INFO  tests.UserTestCases2 - ********************deleting user***********************
19:19:26.003 [main] INFO  tests.UserTestCases2 - ********************user deleted***********************
08:27:07.465 [main] INFO  tests.UserTestCases - ********************creating user***********************
08:27:09.276 [main] INFO  tests.UserTestCases - ***********************user created**************************
08:27:09.282 [main] INFO  tests.UserTestCases - ********************retrieving user***********************
08:27:11.513 [main] INFO  tests.UserTestCases - ********************user retrieved***********************
08:27:11.521 [main] INFO  tests.UserTestCases - ********************updating user***********************
08:27:15.672 [main] INFO  tests.UserTestCases - ********************user updated***********************
08:27:15.677 [main] INFO  tests.UserTestCases - ********************deleting user***********************
08:27:17.591 [main] INFO  tests.UserTestCases - ********************user deleted***********************
08:27:17.727 [main] INFO  tests.UserTestCases2 - ********************creating user***********************
08:27:19.826 [main] INFO  tests.UserTestCases2 - ***********************user created**************************
08:27:19.829 [main] INFO  tests.UserTestCases2 - ********************retrieving user***********************
08:27:21.596 [main] INFO  tests.UserTestCases2 - ********************user retrieved***********************
08:27:21.600 [main] INFO  tests.UserTestCases2 - ********************updating user***********************
08:27:25.268 [main] INFO  tests.UserTestCases2 - ********************user updated***********************
08:27:25.274 [main] INFO  tests.UserTestCases2 - ********************deleting user***********************
08:27:27.033 [main] INFO  tests.UserTestCases2 - ********************user deleted***********************
